<?xml version="1.0" encoding="UTF-8"?>
<testng-results ignored="0" total="1" passed="0" failed="1" skipped="0">
  <reporter-output>
  </reporter-output>
  <suite started-at="2023-06-11T12:57:04 BST" name="TestNGCucumberRunner" finished-at="2023-06-11T12:57:22 BST" duration-ms="17207">
    <groups>
      <group name="cucumber">
        <method signature="AbstractTestNGCucumberTests.runScenario(io.cucumber.testng.PickleWrapper,io.cucumber.testng.FeatureWrapper)[pri:0, instance:TestNGCucumberRunner@78dd667e]" name="runScenario" class="io.cucumber.testng.AbstractTestNGCucumberTests"/>
      </group> <!-- cucumber -->
    </groups>
    <test started-at="2023-06-11T12:57:04 BST" name="Command line test" finished-at="2023-06-11T12:57:22 BST" duration-ms="17207">
      <class name="TestNGCucumberRunner">
        <test-method is-config="true" signature="setUpClass(org.testng.ITestContext)[pri:0, instance:TestNGCucumberRunner@78dd667e]" started-at="2023-06-11T12:57:04 BST" name="setUpClass" finished-at="2023-06-11T12:57:05 BST" duration-ms="714" status="PASS">
          <params>
            <param index="0">
              <value>
                <![CDATA[org.testng.TestRunner@e9ef5b6]]>
              </value>
            </param>
          </params>
          <reporter-output>
          </reporter-output>
        </test-method> <!-- setUpClass -->
        <test-method signature="runScenario(io.cucumber.testng.PickleWrapper,io.cucumber.testng.FeatureWrapper)[pri:0, instance:TestNGCucumberRunner@78dd667e]" started-at="2023-06-11T12:57:05 BST" name="runScenario" description="Runs Cucumber Scenarios" data-provider="scenarios" finished-at="2023-06-11T12:57:21 BST" duration-ms="16325" status="FAIL">
          <params>
            <param index="0">
              <value>
                <![CDATA["Book a tour to India with valid inputs"]]>
              </value>
            </param>
            <param index="1">
              <value>
                <![CDATA["Optional[Mail Travel Booking]"]]>
              </value>
            </param>
          </params>
          <exception class="java.lang.AssertionError">
            <message>
              <![CDATA[expected [https://www.newmarketholidays.co.uk/book/c/holidays?tourCode=98637&dDate=2024-02-10&dCode=&adults=2&children=0&utm_source=DMR&utm_medium=partner_referral&deeplink=true#/Error] but found [https://www.mailtravel.co.uk/holiday/indias-golden-triangle-shimla-and-amritsars-golden-temple-exclusively-solos-d50c5ad7fbd04a98d656d673711d524a]]]>
            </message>
            <full-stacktrace>
              <![CDATA[java.lang.AssertionError: expected [https://www.newmarketholidays.co.uk/book/c/holidays?tourCode=98637&dDate=2024-02-10&dCode=&adults=2&children=0&utm_source=DMR&utm_medium=partner_referral&deeplink=true#/Error] but found [https://www.mailtravel.co.uk/holiday/indias-golden-triangle-shimla-and-amritsars-golden-temple-exclusively-solos-d50c5ad7fbd04a98d656d673711d524a]
at org.testng.Assert.fail(Assert.java:111)
at org.testng.Assert.failNotEquals(Assert.java:1578)
at org.testng.Assert.assertEqualsImpl(Assert.java:150)
at org.testng.Assert.assertEquals(Assert.java:132)
at org.testng.Assert.assertEquals(Assert.java:656)
at org.testng.Assert.assertEquals(Assert.java:666)
at StepDef.MailTravelSteps.TheBookOnlineButton(MailTravelSteps.java:123)
at âœ½.I click on the book online button again(file:///C:/Users/Maan9/IdeaProjects/MailTest4/MailTest/src/main/resources/mailTravel.feature:14)
]]>
            </full-stacktrace>
          </exception> <!-- java.lang.AssertionError -->
          <reporter-output>
          </reporter-output>
        </test-method> <!-- runScenario -->
        <test-method is-config="true" signature="tearDownClass()[pri:0, instance:TestNGCucumberRunner@78dd667e]" started-at="2023-06-11T12:57:21 BST" name="tearDownClass" finished-at="2023-06-11T12:57:22 BST" duration-ms="107" status="PASS">
          <reporter-output>
          </reporter-output>
        </test-method> <!-- tearDownClass -->
      </class> <!-- TestNGCucumberRunner -->
    </test> <!-- Command line test -->
  </suite> <!-- TestNGCucumberRunner -->
</testng-results>
