<?xml version="1.0" encoding="UTF-8"?>
<!-- Generated by org.testng.reporters.JUnitReportReporter -->
<testsuite hostname="DESKTOP-DDHH58G" failures="1" tests="1" name="TestNGCucumberRunner" time="16.325" errors="0" timestamp="2023-06-11T12:57:22 BST" skipped="0">
  <testcase classname="TestNGCucumberRunner" name="runScenario" time="16.325">
    <failure message="expected [https://www.newmarketholidays.co.uk/book/c/holidays?tourCode=98637&amp;dDate=2024-02-10&amp;dCode=&amp;adults=2&amp;children=0&amp;utm_source=DMR&amp;utm_medium=partner_referral&amp;deeplink=true#/Error] but found [https://www.mailtravel.co.uk/holiday/indias-golden-triangle-shimla-and-amritsars-golden-temple-exclusively-solos-d50c5ad7fbd04a98d656d673711d524a]" type="java.lang.AssertionError">
      <![CDATA[java.lang.AssertionError: expected [https://www.newmarketholidays.co.uk/book/c/holidays?tourCode=98637&dDate=2024-02-10&dCode=&adults=2&children=0&utm_source=DMR&utm_medium=partner_referral&deeplink=true#/Error] but found [https://www.mailtravel.co.uk/holiday/indias-golden-triangle-shimla-and-amritsars-golden-temple-exclusively-solos-d50c5ad7fbd04a98d656d673711d524a]
at org.testng.Assert.fail(Assert.java:111)
at org.testng.Assert.failNotEquals(Assert.java:1578)
at org.testng.Assert.assertEqualsImpl(Assert.java:150)
at org.testng.Assert.assertEquals(Assert.java:132)
at org.testng.Assert.assertEquals(Assert.java:656)
at org.testng.Assert.assertEquals(Assert.java:666)
at StepDef.MailTravelSteps.TheBookOnlineButton(MailTravelSteps.java:123)
at âœ½.I click on the book online button again(file:///C:/Users/Maan9/IdeaProjects/MailTest4/MailTest/src/main/resources/mailTravel.feature:14)
]]>
    </failure>
  </testcase> <!-- runScenario -->
</testsuite> <!-- TestNGCucumberRunner -->
